<?xml version="1.0" encoding="UTF-8"?>
<!-- Generated by org.testng.reporters.JUnitXMLReporter -->
<testsuite ignored="0" hostname="Pawan" failures="0" tests="3" name="Surefire test" time="19.415" errors="0" timestamp="2022-11-20T16:05:44 IST">
  <testcase classname="testClass.TestClass1" name="test1" time="0.015"/>
  <testcase classname="testClass.TestClass1" name="test2" time="0.015"/>
  <testcase classname="testClass.TestClass1" name="test3" time="0.014"/>
</testsuite> <!-- Surefire test -->
