<?xml version="1.0" encoding="UTF-8"?>
<testng-results ignored="0" total="3" passed="3" failed="0" skipped="0">
  <reporter-output>
  </reporter-output>
  <suite started-at="2022-11-20T16:05:24 IST" name="Surefire suite" finished-at="2022-11-20T16:05:44 IST" duration-ms="19415">
    <groups>
    </groups>
    <test started-at="2022-11-20T16:05:24 IST" name="Surefire test" finished-at="2022-11-20T16:05:44 IST" duration-ms="19415">
      <class name="testClass.TestClass1">
        <test-method is-config="true" signature="launchDriver()[pri:0, instance:testClass.TestClass1@77e9807f]" started-at="2022-11-20T16:05:24 IST" name="launchDriver" finished-at="2022-11-20T16:05:32 IST" duration-ms="7517" status="PASS">
          <reporter-output>
          </reporter-output>
        </test-method> <!-- launchDriver -->
        <test-method signature="test1()[pri:0, instance:testClass.TestClass1@77e9807f]" started-at="2022-11-20T16:05:32 IST" name="test1" finished-at="2022-11-20T16:05:32 IST" duration-ms="15" status="PASS">
          <reporter-output>
          </reporter-output>
        </test-method> <!-- test1 -->
        <test-method is-config="true" signature="launchDriver()[pri:0, instance:testClass.TestClass1@77e9807f]" started-at="2022-11-20T16:05:32 IST" name="launchDriver" finished-at="2022-11-20T16:05:37 IST" duration-ms="4845" status="PASS">
          <reporter-output>
          </reporter-output>
        </test-method> <!-- launchDriver -->
        <test-method signature="test2()[pri:0, instance:testClass.TestClass1@77e9807f]" started-at="2022-11-20T16:05:37 IST" name="test2" finished-at="2022-11-20T16:05:37 IST" duration-ms="15" status="PASS">
          <reporter-output>
          </reporter-output>
        </test-method> <!-- test2 -->
        <test-method is-config="true" signature="launchDriver()[pri:0, instance:testClass.TestClass1@77e9807f]" started-at="2022-11-20T16:05:37 IST" name="launchDriver" finished-at="2022-11-20T16:05:43 IST" duration-ms="6963" status="PASS">
          <reporter-output>
          </reporter-output>
        </test-method> <!-- launchDriver -->
        <test-method signature="test3()[pri:0, instance:testClass.TestClass1@77e9807f]" started-at="2022-11-20T16:05:43 IST" name="test3" finished-at="2022-11-20T16:05:44 IST" duration-ms="14" status="PASS">
          <reporter-output>
          </reporter-output>
        </test-method> <!-- test3 -->
      </class> <!-- testClass.TestClass1 -->
    </test> <!-- Surefire test -->
  </suite> <!-- Surefire suite -->
</testng-results>
