<?xml version="1.0" encoding="UTF-8"?>
<testsuite xmlns:xsi="http://www.w3.org/2001/XMLSchema-instance" xsi:noNamespaceSchemaLocation="https://maven.apache.org/surefire/maven-surefire-plugin/xsd/surefire-test-report.xsd" name="testClass.TestClass1" time="21.059" tests="3" errors="0" skipped="0" failures="0">
  <properties>
[...]
</properties>
  <testcase name="test1" classname="testClass.TestClass1" time="0.013"/>
  <testcase name="test2" classname="testClass.TestClass1" time="0.013"/>
  <testcase name="test3" classname="testClass.TestClass1" time="0.016"/>
</testsuite>