<?xml version="1.0" encoding="UTF-8"?>
<testng-results ignored="0" total="3" passed="3" failed="0" skipped="0">
  <reporter-output>
  </reporter-output>
  <suite started-at="2022-11-20T15:53:55 IST" name="Suite" finished-at="2022-11-20T15:54:15 IST" duration-ms="20743">
    <groups>
    </groups>
    <test started-at="2022-11-20T15:53:55 IST" name="Test" finished-at="2022-11-20T15:54:15 IST" duration-ms="20743">
      <class name="testClass.TestClass1">
        <test-method is-config="true" signature="launchDriver()[pri:0, instance:testClass.TestClass1@243c4f91]" started-at="2022-11-20T15:53:55 IST" name="launchDriver" finished-at="2022-11-20T15:54:03 IST" duration-ms="8503" status="PASS">
          <reporter-output>
          </reporter-output>
        </test-method> <!-- launchDriver -->
        <test-method signature="test1()[pri:0, instance:testClass.TestClass1@243c4f91]" started-at="2022-11-20T15:54:03 IST" name="test1" finished-at="2022-11-20T15:54:03 IST" duration-ms="20" status="PASS">
          <reporter-output>
          </reporter-output>
        </test-method> <!-- test1 -->
        <test-method is-config="true" signature="launchDriver()[pri:0, instance:testClass.TestClass1@243c4f91]" started-at="2022-11-20T15:54:03 IST" name="launchDriver" finished-at="2022-11-20T15:54:10 IST" duration-ms="6463" status="PASS">
          <reporter-output>
          </reporter-output>
        </test-method> <!-- launchDriver -->
        <test-method signature="test2()[pri:0, instance:testClass.TestClass1@243c4f91]" started-at="2022-11-20T15:54:10 IST" name="test2" finished-at="2022-11-20T15:54:10 IST" duration-ms="9" status="PASS">
          <reporter-output>
          </reporter-output>
        </test-method> <!-- test2 -->
        <test-method is-config="true" signature="launchDriver()[pri:0, instance:testClass.TestClass1@243c4f91]" started-at="2022-11-20T15:54:10 IST" name="launchDriver" finished-at="2022-11-20T15:54:15 IST" duration-ms="5684" status="PASS">
          <reporter-output>
          </reporter-output>
        </test-method> <!-- launchDriver -->
        <test-method signature="test3()[pri:0, instance:testClass.TestClass1@243c4f91]" started-at="2022-11-20T15:54:15 IST" name="test3" finished-at="2022-11-20T15:54:15 IST" duration-ms="13" status="PASS">
          <reporter-output>
          </reporter-output>
        </test-method> <!-- test3 -->
      </class> <!-- testClass.TestClass1 -->
    </test> <!-- Test -->
  </suite> <!-- Suite -->
</testng-results>
